Determining if the pthread_create exist failed with the following output:
Change Dir: /mnt/hgfs/ShareFile/B1/build/CMakeFiles/CMakeTmp

Run Build Command:"/usr/bin/gmake" "cmTC_7d15a/fast"
/usr/bin/gmake -f CMakeFiles/cmTC_7d15a.dir/build.make CMakeFiles/cmTC_7d15a.dir/build
gmake[1]: Entering directory '/mnt/hgfs/ShareFile/B1/build/CMakeFiles/CMakeTmp'
Building C object CMakeFiles/cmTC_7d15a.dir/CheckSymbolExists.c.o
/usr/bin/cc    -o CMakeFiles/cmTC_7d15a.dir/CheckSymbolExists.c.o   -c /mnt/hgfs/ShareFile/B1/build/CMakeFiles/CMakeTmp/CheckSymbolExists.c
Linking C executable cmTC_7d15a
/usr/bin/cmake -E cmake_link_script CMakeFiles/cmTC_7d15a.dir/link.txt --verbose=1
/usr/bin/cc      CMakeFiles/cmTC_7d15a.dir/CheckSymbolExists.c.o  -o cmTC_7d15a 
CMakeFiles/cmTC_7d15a.dir/CheckSymbolExists.c.o: In function `main':
CheckSymbolExists.c:(.text+0x16): undefined reference to `pthread_create'
collect2: error: ld returned 1 exit status
gmake[1]: *** [CMakeFiles/cmTC_7d15a.dir/build.make:87: cmTC_7d15a] Error 1
gmake[1]: Leaving directory '/mnt/hgfs/ShareFile/B1/build/CMakeFiles/CMakeTmp'
gmake: *** [Makefile:126: cmTC_7d15a/fast] Error 2

File /mnt/hgfs/ShareFile/B1/build/CMakeFiles/CMakeTmp/CheckSymbolExists.c:
/* */
#include <pthread.h>

int main(int argc, char** argv)
{
  (void)argv;
#ifndef pthread_create
  return ((int*)(&pthread_create))[argc];
#else
  (void)argc;
  return 0;
#endif
}

